Detecting C compiler ABI info failed to compile with the following output:
Change Dir: /Users/gaolisha/workspace/diy-x86os-master/code/c05.03/build/CMakeFiles/CMakeTmp

Run Build Command(s):/usr/local/bin/ninja cmTC_3acc2 && [1/2] Building C object CMakeFiles/cmTC_3acc2.dir/CMakeCCompilerABI.c.o
Using built-in specs.
COLLECT_GCC=/usr/local/bin/x86_64-elf-gcc
Target: x86_64-elf
Configured with: ../configure --target=x86_64-elf --prefix=/usr/local/Cellar/x86_64-elf-gcc/12.2.0 --infodir=/usr/local/Cellar/x86_64-elf-gcc/12.2.0/share/info/x86_64-elf --disable-nls --without-isl --without-headers --with-as=/usr/local/opt/x86_64-elf-binutils/bin/x86_64-elf-as --with-ld=/usr/local/opt/x86_64-elf-binutils/bin/x86_64-elf-ld --enable-languages=c,c++
Thread model: single
Supported LTO compression algorithms: zlib
gcc version 12.2.0 (GCC) 
COLLECT_GCC_OPTIONS='-g' '-c' '-O0' '-m32' '-fno-pie' '-fno-stack-protector' '-fno-asynchronous-unwind-tables' '-isysroot' '/Library/Developer/CommandLineTools/SDKs/MacOSX11.1.sdk' '-v' '-o' 'CMakeFiles/cmTC_3acc2.dir/CMakeCCompilerABI.c.o' '-c' '-mtune=generic' '-march=x86-64' '-dumpdir' 'CMakeFiles/cmTC_3acc2.dir/'
 /usr/local/Cellar/x86_64-elf-gcc/12.2.0/libexec/gcc/x86_64-elf/12.2.0/cc1 -quiet -v -isysroot /Library/Developer/CommandLineTools/SDKs/MacOSX11.1.sdk /usr/local/Cellar/cmake/3.24.2/share/cmake/Modules/CMakeCCompilerABI.c -quiet -dumpdir CMakeFiles/cmTC_3acc2.dir/ -dumpbase CMakeCCompilerABI.c.c -dumpbase-ext .c -m32 -mtune=generic -march=x86-64 -g -O0 -version -fno-pie -fno-stack-protector -fno-asynchronous-unwind-tables -o /var/folders/zr/q1wx2f3952z8yxdsc8svd2m80000gp/T//ccN415y7.s
GNU C17 (GCC) version 12.2.0 (x86_64-elf)
	compiled by GNU C version Apple LLVM 12.0.0 (clang-1200.0.32.29), GMP version 6.2.1, MPFR version 4.1.0, MPC version 1.2.1, isl version none
GGC heuristics: --param ggc-min-expand=100 --param ggc-min-heapsize=131072
ignoring nonexistent directory "/usr/local/Cellar/x86_64-elf-gcc/12.2.0/lib/gcc/x86_64-elf/12.2.0/../../../../x86_64-elf/sys-include"
ignoring nonexistent directory "/usr/local/Cellar/x86_64-elf-gcc/12.2.0/lib/gcc/x86_64-elf/12.2.0/../../../../x86_64-elf/include"
#include "..." search starts here:
#include <...> search starts here:
 /usr/local/Cellar/x86_64-elf-gcc/12.2.0/lib/gcc/x86_64-elf/12.2.0/include
 /usr/local/Cellar/x86_64-elf-gcc/12.2.0/lib/gcc/x86_64-elf/12.2.0/include-fixed
End of search list.
GNU C17 (GCC) version 12.2.0 (x86_64-elf)
	compiled by GNU C version Apple LLVM 12.0.0 (clang-1200.0.32.29), GMP version 6.2.1, MPFR version 4.1.0, MPC version 1.2.1, isl version none
GGC heuristics: --param ggc-min-expand=100 --param ggc-min-heapsize=131072
Compiler executable checksum: 30f2308e4f52011fa152624c6f41a859
COLLECT_GCC_OPTIONS='-g' '-c' '-O0' '-m32' '-fno-pie' '-fno-stack-protector' '-fno-asynchronous-unwind-tables' '-isysroot' '/Library/Developer/CommandLineTools/SDKs/MacOSX11.1.sdk' '-v' '-o' 'CMakeFiles/cmTC_3acc2.dir/CMakeCCompilerABI.c.o' '-c' '-mtune=generic' '-march=x86-64' '-dumpdir' 'CMakeFiles/cmTC_3acc2.dir/'
 /usr/local/opt/x86_64-elf-binutils/bin/x86_64-elf-as -v --gdwarf-5 --32 -o CMakeFiles/cmTC_3acc2.dir/CMakeCCompilerABI.c.o /var/folders/zr/q1wx2f3952z8yxdsc8svd2m80000gp/T//ccN415y7.s
GNU assembler version 2.39 (x86_64-elf) using BFD version (GNU Binutils) 2.39
COMPILER_PATH=/usr/local/Cellar/x86_64-elf-gcc/12.2.0/libexec/gcc/x86_64-elf/12.2.0/:/usr/local/Cellar/x86_64-elf-gcc/12.2.0/libexec/gcc/x86_64-elf/12.2.0/:/usr/local/Cellar/x86_64-elf-gcc/12.2.0/libexec/gcc/x86_64-elf/:/usr/local/Cellar/x86_64-elf-gcc/12.2.0/lib/gcc/x86_64-elf/12.2.0/:/usr/local/Cellar/x86_64-elf-gcc/12.2.0/lib/gcc/x86_64-elf/
LIBRARY_PATH=/usr/local/Cellar/x86_64-elf-gcc/12.2.0/lib/gcc/x86_64-elf/12.2.0/
COLLECT_GCC_OPTIONS='-g' '-c' '-O0' '-m32' '-fno-pie' '-fno-stack-protector' '-fno-asynchronous-unwind-tables' '-isysroot' '/Library/Developer/CommandLineTools/SDKs/MacOSX11.1.sdk' '-v' '-o' 'CMakeFiles/cmTC_3acc2.dir/CMakeCCompilerABI.c.o' '-c' '-mtune=generic' '-march=x86-64' '-dumpdir' 'CMakeFiles/cmTC_3acc2.dir/CMakeCCompilerABI.c.'
[2/2] Linking C executable cmTC_3acc2
Using built-in specs.
COLLECT_GCC=/usr/local/bin/x86_64-elf-gcc
Target: x86_64-elf
Configured with: ../configure --target=x86_64-elf --prefix=/usr/local/Cellar/x86_64-elf-gcc/12.2.0 --infodir=/usr/local/Cellar/x86_64-elf-gcc/12.2.0/share/info/x86_64-elf --disable-nls --without-isl --without-headers --with-as=/usr/local/opt/x86_64-elf-binutils/bin/x86_64-elf-as --with-ld=/usr/local/opt/x86_64-elf-binutils/bin/x86_64-elf-ld --enable-languages=c,c++
Thread model: single
Supported LTO compression algorithms: zlib
gcc version 12.2.0 (GCC) 
COMPILER_PATH=/usr/local/Cellar/x86_64-elf-gcc/12.2.0/libexec/gcc/x86_64-elf/12.2.0/:/usr/local/Cellar/x86_64-elf-gcc/12.2.0/libexec/gcc/x86_64-elf/12.2.0/:/usr/local/Cellar/x86_64-elf-gcc/12.2.0/libexec/gcc/x86_64-elf/:/usr/local/Cellar/x86_64-elf-gcc/12.2.0/lib/gcc/x86_64-elf/12.2.0/:/usr/local/Cellar/x86_64-elf-gcc/12.2.0/lib/gcc/x86_64-elf/
LIBRARY_PATH=/usr/local/Cellar/x86_64-elf-gcc/12.2.0/lib/gcc/x86_64-elf/12.2.0/
COLLECT_GCC_OPTIONS='-g' '-c' '-O0' '-m32' '-fno-pie' '-fno-stack-protector' '-fno-asynchronous-unwind-tables' '-isysroot' '/Library/Developer/CommandLineTools/SDKs/MacOSX11.1.sdk' '-v' '-o' 'cmTC_3acc2' '-mtune=generic' '-march=x86-64' '-dumpdir' 'cmTC_3acc2.'
x86_64-elf-gcc: warning: CMakeFiles/cmTC_3acc2.dir/CMakeCCompilerABI.c.o: linker input file unused because linking not done


Cannot copy output executable
  ''
to destination specified by COPY_FILE:
  '/Users/gaolisha/workspace/diy-x86os-master/code/c05.03/build/CMakeFiles/3.24.2/CMakeDetermineCompilerABI_C.bin'
Unable to find the executable at any of:
  /Users/gaolisha/workspace/diy-x86os-master/code/c05.03/build/CMakeFiles/CMakeTmp/cmTC_3acc2
  /Users/gaolisha/workspace/diy-x86os-master/code/c05.03/build/CMakeFiles/CMakeTmp/Debug/cmTC_3acc2
  /Users/gaolisha/workspace/diy-x86os-master/code/c05.03/build/CMakeFiles/CMakeTmp/Debug/cmTC_3acc2.app/cmTC_3acc2
  /Users/gaolisha/workspace/diy-x86os-master/code/c05.03/build/CMakeFiles/CMakeTmp/cmTC_3acc2.app/cmTC_3acc2
  /Users/gaolisha/workspace/diy-x86os-master/code/c05.03/build/CMakeFiles/CMakeTmp/Development/cmTC_3acc2


